iMPACT Version: Oct 13 2013 10:22:21

iMPACT log file Started on Sun Nov 23 16:43:23 2014

Preference Table
Name                 Setting             
StartupClock         Auto_Correction     
AutoSignature        False               
KeepSVF              False               
ConcurrentMode       False               
UseHighz             False               
ConfigOnFailure      Stop                
UserLevel            Novice              
MessageLevel         Detailed            
svfUseTime           false               
SpiByteSwap          Auto_Correction     
AutoInfer            false               
SvfPlayDisplayComments false               
Enumerating cables. Please wait.
Connecting to cable (Usb Port - USB21).
Checking cable driver.
 Driver file xusb21.sys found.
 File C:/Xilinx/14.7/ISE_DS/ISE/bin/nt64/xusb21.sys not found.
 Driver file xusb_xp2.sys found.
 Driver version: src=2301, dest=2301.
 Driver windrvr6.sys version = 10.2.1.0. WinDriver v10.21 Jungo (c) 1997 - 2010 Build Date: Aug 31 2010 x86_64 64bit SYS14:14:44, version = 1021.
write (count, cmdBuffer, dataBuffer) failed C0000004.
Downloading C:/Xilinx/14.7/ISE_DS/ISE/data/xusb_xp2.hex.
Downloaded firmware version = 2401.
=======================================================
Found cable - > ESN = 00001510436401.
=======================================================
Connecting to cable (Usb Port - USB22).
Checking cable driver.
 Driver file xusb21.sys found.
 File C:/Xilinx/14.7/ISE_DS/ISE/bin/nt64/xusb21.sys not found.
 Driver file xusb_xp2.sys found.
 Driver version: src=2301, dest=2301.
 Driver windrvr6.sys version = 10.2.1.0. WinDriver v10.21 Jungo (c) 1997 - 2010 Build Date: Aug 31 2010 x86_64 64bit SYS14:14:44, version = 1021.
Connecting to cable (Usb Port - USB21).
Checking cable driver.
 Driver file xusb21.sys found.
 File C:/Xilinx/14.7/ISE_DS/ISE/bin/nt64/xusb21.sys not found.
 Driver file xusb_xp2.sys found.
 Driver version: src=2301, dest=2301.
 Driver windrvr6.sys version = 10.2.1.0. WinDriver v10.21 Jungo (c) 1997 - 2010 Build Date: Aug 31 2010 x86_64 64bit SYS14:14:44, version = 1021.
 Cable PID = 0008.
 Max current requested during enumeration is 300 mA.
Type = 0x0005.
 Cable Type = 3, Revision = 0.
 Setting cable speed to 6 MHz.
Cable connection established.
Firmware version = 2401.
File version of C:/Xilinx/14.7/ISE_DS/ISE/data/xusb_xp2.hex = 2401.
Firmware hex file version = 2401.
PLD file version = 200Dh.
 PLD version = 200Dh.
Type = 0x0005.
ESN option: 00001510436401.
'1': Loading file 'firmware_top.bit' ...
done.
INFO:iMPACT:1777 - 
   Reading C:/Xilinx/14.7/ISE_DS/ISE/spartan3a/data/xc3s50an.bsd...
Found sync word in bitstream.
UserID read from the bitstream file = 0xFFFFFFFF.
INFO:iMPACT:501 - '1': Added Device xc3s50an successfully.
----------------------------------------------------------------------
----------------------------------------------------------------------
Active mode is BS
INFO:iMPACT - Digilent Plugin: Plugin Version: 2.4.4
INFO:iMPACT - Digilent Plugin: no JTAG device was found.
AutoDetecting cable. Please wait.
*** WARNING ***: When port is set to auto detect mode, cable speed is set todefault 6 MHz regardless of explicit arguments supplied for setting the baudrates
Connecting to cable (Usb Port - USB21).
Checking cable driver.
 Driver file xusb21.sys found.
 File C:/Xilinx/14.7/ISE_DS/ISE/bin/nt64/xusb21.sys not found.
 Driver file xusb_xp2.sys found.
 Driver version: src=2301, dest=2301.
 Driver windrvr6.sys version = 10.2.1.0. WinDriver v10.21 Jungo (c) 1997 - 2010 Build Date: Aug 31 2010 x86_64 64bit SYS14:14:44, version = 1021.
 Cable PID = 0008.
 Max current requested during enumeration is 300 mA.
Type = 0x0005.
 Cable Type = 3, Revision = 0.
 Setting cable speed to 6 MHz.
Cable connection established.
Firmware version = 2401.
File version of C:/Xilinx/14.7/ISE_DS/ISE/data/xusb_xp2.hex = 2401.
Firmware hex file version = 2401.
PLD file version = 200Dh.
 PLD version = 200Dh.
Type = 0x0005.
ESN option: 00001510436401.
Maximum TCK operating frequency for this device chain: 10000000.
Validating chain...
Boundary-scan chain validated successfully.
'1': SPI access core not detected. SPI access core will be downloaded to thedevice to enable operations.
INFO:iMPACT - Downloading core file   C:/Xilinx/14.7/ISE_DS/ISE/spartan3a/data/xc3s50an_spi.cor.
'1': Downloading core...
 LCK_cycle = NoWait.
LCK cycle: NoWait
done.
'1': Reading status register contents...
INFO:iMPACT:2219 - Status register values:
INFO:iMPACT - 0011 1111 1110 1100 
INFO:iMPACT:2492 - '1': Completed downloading core to device.
INFO:iMPACT - Address 0x00000000 is in sector 0.
INFO:iMPACT - Start block = 0 for address 0x00000000.
INFO:iMPACT - Address 0x0000B0C3 is not located at the start of a sector   boundary. The whole sector will be erased.
INFO:iMPACT - Address 0x0000B0C3 is in sector 2.
INFO:iMPACT - End block = 31 for address 0x0000B0C3.
INFO:iMPACT - Address 0x00000000 is in sector 0.
INFO:iMPACT - Address 0x0000B0C3 is not located at the start of a sector   boundary. The whole sector will be erased.
INFO:iMPACT - Address 0x0000B0C3 is in sector 2.
INFO:iMPACT - Address 0x00000000 is in sector 0.
INFO:iMPACT - Address 0x0000B0C3 is not located at the start of a sector   boundary. The whole sector will be erased.
INFO:iMPACT - Address 0x0000B0C3 is in sector 2.
INFO:iMPACT - Address 0x00000000 is in sector 0.
INFO:iMPACT - Address 0x0000B0C3 is not located at the start of a sector   boundary. The whole sector will be erased.
INFO:iMPACT - Address 0x0000B0C3 is in sector 2.
INFO:iMPACT - Address 0x00000000 is in sector 0.
INFO:iMPACT - Address 0x0000B0C3 is not located at the start of a sector   boundary. The whole sector will be erased.
INFO:iMPACT - Address 0x0000B0C3 is in sector 2.
'1': Erasing device...
done.
'1': Erasure completed successfully.
INFO:iMPACT - Address 0x00000000 is in sector 0.
INFO:iMPACT - Address 0x0000B0C3 is not located at the start of a sector   boundary. The whole sector will be erased.
INFO:iMPACT - Address 0x0000B0C3 is in sector 2.
INFO:iMPACT - Address 0x00000000 is in sector 0.
INFO:iMPACT - Address 0x0000B0C3 is not located at the start of a sector   boundary. The whole sector will be erased.
INFO:iMPACT - Address 0x0000B0C3 is in sector 2.
INFO:iMPACT - Address 0x00000000 is in sector 0.
INFO:iMPACT - Address 0x0000B0C3 is not located at the start of a sector   boundary. The whole sector will be erased.
INFO:iMPACT - Address 0x0000B0C3 is in sector 2.
INFO:iMPACT - Address 0x00000000 is in sector 0.
INFO:iMPACT - Address 0x0000B0C3 is not located at the start of a sector   boundary. The whole sector will be erased.
INFO:iMPACT - Address 0x0000B0C3 is in sector 2.
INFO:iMPACT - Address 0x00000000 is in page 0.
INFO:iMPACT - Address 0x0000B0C3 is in page 171.
'1': Programming Flash...done.
'1': Programming completed successfully.
INFO:iMPACT - Address 0x00000000 is in page 0.
INFO:iMPACT - Address 0x0000B0C3 is in page 171.
'1': Verifying device...done.
'1': Verification completed successfully.
'1': Programmed successfully.
 LCK_cycle = NoWait.
LCK cycle: NoWait
INFO:iMPACT - '1': Checking done pin....done.
'1': Programmed successfully.
Elapsed time =      8 sec.
