ISim log file
Running: C:\Users\yorkL\Desktop\EECS 199Individual study\TriggerCalibration-master\Firmware\trigg_tb_isim_beh.exe -intstyle ise -gui -tclbatch isim.cmd -wdb C:/Users/yorkL/Desktop/EECS 199Individual study/TriggerCalibration-master/Firmware/trigg_tb_isim_beh.wdb 
ISim P.20131013 (signature 0x7708f090)
----------------------------------------------------------------------
INFO:Security:61 - The XILINXD_LICENSE_FILE environment variable is not set.
INFO:Security:63 - The LM_LICENSE_FILE environment variable is not set.
INFO:Security:68 - For more information or for assistance in obtaining 
 a license, please run the Xilinx License Configuration Manager
       (xlcm or "Manage Xilinx Licenses".)
INFO:Security:68a - user is yorkL, on host LAPTOP-QALQJFG3.
ERROR:Security:14 - No feature was available for 'ISIM'.

No such feature exists.
Feature:       ISIM
License path:  C:/.Xilinx\license.lic;C:/.Xilinx\Xilinx.lic;D:\program\14.7\ISE_DS\ISE\/coregen/core_licenses\Xilinx.lic;D:\program\14.7\ISE_DS\ISE\/coregen/core_licenses\XilinxFree.lic;D:\program\14.7\ISE_DS\EDK/data/core_licenses\Xilinx.lic;
FLEXnet Licensing error:-5,357
For further information, refer to the FLEXnet Licensing documentation,
available at "www.flexerasoftware.com".
----------------------------------------------------------------------
WARNING: A full ISim License cannot be checked out due to the issues listed above. Please use Xilinx License Configuration Manager to fix these issues in order to check out a full ISim license.
WARNING: ISim will run in Lite mode. Please refer to the ISim documentation for more information on the differences between the Lite and the Full version.
This is a Lite version of ISim.
Time resolution is 1 ps
# onerror resume
# wave add /
# run 300 ms
Simulator is doing circuit initialization process.
Finished circuit initialization process.
Stopped at time : 64579643750 ps : File "C:/Users/yorkL/Desktop/EECS 199Individual study/TriggerCalibration-master/Firmware/cntr_trigg.vhd" Line 83
