Release 14.6 - ngc2edif P.68d (nt64)
Copyright (c) 1995-2013 Xilinx, Inc.  All rights reserved.
Reading design Firmware_Top.ngc ...
WARNING:NetListWriters:298 - No output is written to Firmware_Top.xncf, ignored.
Processing design ...
   Preping design's networks ...
   Preping design's macros ...
  finished :Prep
Writing EDIF netlist file Firmware_Top.edif ...
ngc2edif: Total memory usage is 86028 kilobytes

Release 14.6 - ngc2edif P.68d (nt64)
Copyright (c) 1995-2013 Xilinx, Inc.  All rights reserved.
Reading design Firmware_Top.ngc ...
WARNING:NetListWriters:298 - No output is written to Firmware_Top.xncf, ignored.
Processing design ...
   Preping design's networks ...
   Preping design's macros ...
  finished :Prep
Writing EDIF netlist file Firmware_Top.edif ...
ngc2edif: Total memory usage is 86028 kilobytes

Release 14.7 - ngc2edif P.20131013 (nt64)
Copyright (c) 1995-2013 Xilinx, Inc.  All rights reserved.
Reading design Firmware_Top.ngc ...
WARNING:NetListWriters:298 - No output is written to Firmware_Top.xncf, ignored.
Processing design ...
   Preping design's networks ...
   Preping design's macros ...
  finished :Prep
Writing EDIF netlist file Firmware_Top.edif ...
ngc2edif: Total memory usage is 86036 kilobytes

Release 14.7 - ngc2edif P.20131013 (nt64)
Copyright (c) 1995-2013 Xilinx, Inc.  All rights reserved.
Reading design Firmware_Top.ngc ...
WARNING:NetListWriters:298 - No output is written to Firmware_Top.xncf, ignored.
Processing design ...
   Preping design's networks ...
   Preping design's macros ...
  finished :Prep
Writing EDIF netlist file Firmware_Top.edif ...
ngc2edif: Total memory usage is 86036 kilobytes

Release 14.7 - ngc2edif P.20131013 (nt64)
Copyright (c) 1995-2013 Xilinx, Inc.  All rights reserved.
Reading design Firmware_Top.ngc ...
WARNING:NetListWriters:298 - No output is written to Firmware_Top.xncf, ignored.
Processing design ...
   Preping design's networks ...
   Preping design's macros ...
  finished :Prep
Writing EDIF netlist file Firmware_Top.edif ...
ngc2edif: Total memory usage is 102032 kilobytes

